0 info it worked if it ends with ok
1 verbose cli [ '/usr/bin/node',
1 verbose cli   '/usr/bin/npm',
1 verbose cli   'install',
1 verbose cli   '-g',
1 verbose cli   'vue-cli@3.0.1' ]
2 info using npm@3.5.2
3 info using node@v8.10.0
4 silly loadCurrentTree Starting
5 silly install loadCurrentTree
6 silly install readGlobalPackageData
7 silly fetchPackageMetaData vue-cli@3.0.1
8 silly fetchNamedPackageData vue-cli
9 silly mapToRegistry name vue-cli
10 silly mapToRegistry using default registry
11 silly mapToRegistry registry https://registry.npmjs.org/
12 silly mapToRegistry uri https://registry.npmjs.org/vue-cli
13 verbose request uri https://registry.npmjs.org/vue-cli
14 verbose request no auth needed
15 info attempt registry request try #1 at 10:15:45 PM
16 verbose request id b2d3979b3a4503c8
17 verbose etag W/"6d50d4882012db87e6c22e0c86da5452"
18 verbose lastModified Fri, 03 Aug 2018 00:32:20 GMT
19 http request GET https://registry.npmjs.org/vue-cli
20 http 304 https://registry.npmjs.org/vue-cli
21 verbose headers { date: 'Sat, 20 Apr 2019 22:15:48 GMT',
21 verbose headers   connection: 'keep-alive',
21 verbose headers   'set-cookie':
21 verbose headers    [ '__cfduid=d31b7d4a2c7e409637fb8746072d534211555798548; expires=Sun, 19-Apr-20 22:15:48 GMT; path=/; domain=.registry.npmjs.org; HttpOnly' ],
21 verbose headers   'cf-cache-status': 'HIT',
21 verbose headers   'cache-control': 'max-age=300',
21 verbose headers   'cf-ray': '4caa7a9d9ed56218-LIS',
21 verbose headers   etag: '"6d50d4882012db87e6c22e0c86da5452"',
21 verbose headers   'expect-ct': 'max-age=604800, report-uri="https://report-uri.cloudflare.com/cdn-cgi/beacon/expect-ct"',
21 verbose headers   'last-modified': 'Fri, 03 Aug 2018 00:32:20 GMT',
21 verbose headers   vary: 'accept-encoding, accept',
21 verbose headers   server: 'cloudflare' }
22 silly get cb [ 304,
22 silly get   { date: 'Sat, 20 Apr 2019 22:15:48 GMT',
22 silly get     connection: 'keep-alive',
22 silly get     'set-cookie':
22 silly get      [ '__cfduid=d31b7d4a2c7e409637fb8746072d534211555798548; expires=Sun, 19-Apr-20 22:15:48 GMT; path=/; domain=.registry.npmjs.org; HttpOnly' ],
22 silly get     'cf-cache-status': 'HIT',
22 silly get     'cache-control': 'max-age=300',
22 silly get     'cf-ray': '4caa7a9d9ed56218-LIS',
22 silly get     etag: '"6d50d4882012db87e6c22e0c86da5452"',
22 silly get     'expect-ct': 'max-age=604800, report-uri="https://report-uri.cloudflare.com/cdn-cgi/beacon/expect-ct"',
22 silly get     'last-modified': 'Fri, 03 Aug 2018 00:32:20 GMT',
22 silly get     vary: 'accept-encoding, accept',
22 silly get     server: 'cloudflare' } ]
23 verbose etag https://registry.npmjs.org/vue-cli from cache
24 verbose get saving vue-cli to /home/mohamed/.npm/registry.npmjs.org/vue-cli/.cache.json
25 silly fetchPackageMetaData Error: No compatible version found: vue-cli@3.0.1
25 silly fetchPackageMetaData Valid install targets:
25 silly fetchPackageMetaData 2.9.6, 2.9.5, 2.9.4, 2.9.3, 2.9.2, 2.9.1, 2.9.0, 2.8.2, 2.8.1, 2.8.0, 2.7.0, 2.6.0, 2.5.1, 2.5.0, 2.4.0, 2.3.1, 2.2.0, 2.1.1, 2.1.0, 2.0.4, 2.0.3, 2.0.2, 2.0.1, 2.0.0, 1.4.0, 1.3.0, 1.2.0, 1.1.3, 1.1.2, 1.1.1, 1.1.0, 1.0.3, 1.0.2, 1.0.1, 1.0.0
25 silly fetchPackageMetaData
25 silly fetchPackageMetaData     at pickVersionFromRegistryDocument (/usr/share/npm/lib/fetch-package-metadata.js:156:16)
25 silly fetchPackageMetaData     at /usr/share/npm/node_modules/iferr/index.js:13:50
25 silly fetchPackageMetaData     at /usr/share/npm/lib/utils/pulse-till-done.js:19:8
25 silly fetchPackageMetaData     at saved (/usr/share/npm/lib/cache/caching-client.js:168:7)
25 silly fetchPackageMetaData     at /usr/share/npm/node_modules/graceful-fs/polyfills.js:210:7
25 silly fetchPackageMetaData     at FSReqWrap.oncomplete (fs.js:135:15)
25 silly fetchPackageMetaData  error for vue-cli@3.0.1 Error: No compatible version found: vue-cli@3.0.1
25 silly fetchPackageMetaData Valid install targets:
25 silly fetchPackageMetaData 2.9.6, 2.9.5, 2.9.4, 2.9.3, 2.9.2, 2.9.1, 2.9.0, 2.8.2, 2.8.1, 2.8.0, 2.7.0, 2.6.0, 2.5.1, 2.5.0, 2.4.0, 2.3.1, 2.2.0, 2.1.1, 2.1.0, 2.0.4, 2.0.3, 2.0.2, 2.0.1, 2.0.0, 1.4.0, 1.3.0, 1.2.0, 1.1.3, 1.1.2, 1.1.1, 1.1.0, 1.0.3, 1.0.2, 1.0.1, 1.0.0
25 silly fetchPackageMetaData
25 silly fetchPackageMetaData     at pickVersionFromRegistryDocument (/usr/share/npm/lib/fetch-package-metadata.js:156:16)
25 silly fetchPackageMetaData     at /usr/share/npm/node_modules/iferr/index.js:13:50
25 silly fetchPackageMetaData     at /usr/share/npm/lib/utils/pulse-till-done.js:19:8
25 silly fetchPackageMetaData     at saved (/usr/share/npm/lib/cache/caching-client.js:168:7)
25 silly fetchPackageMetaData     at /usr/share/npm/node_modules/graceful-fs/polyfills.js:210:7
25 silly fetchPackageMetaData     at FSReqWrap.oncomplete (fs.js:135:15)
26 silly rollbackFailedOptional Starting
27 silly rollbackFailedOptional Finishing
28 silly runTopLevelLifecycles Starting
29 silly runTopLevelLifecycles Finishing
30 silly install printInstalled
31 verbose stack Error: No compatible version found: vue-cli@3.0.1
31 verbose stack Valid install targets:
31 verbose stack 2.9.6, 2.9.5, 2.9.4, 2.9.3, 2.9.2, 2.9.1, 2.9.0, 2.8.2, 2.8.1, 2.8.0, 2.7.0, 2.6.0, 2.5.1, 2.5.0, 2.4.0, 2.3.1, 2.2.0, 2.1.1, 2.1.0, 2.0.4, 2.0.3, 2.0.2, 2.0.1, 2.0.0, 1.4.0, 1.3.0, 1.2.0, 1.1.3, 1.1.2, 1.1.1, 1.1.0, 1.0.3, 1.0.2, 1.0.1, 1.0.0
31 verbose stack
31 verbose stack     at pickVersionFromRegistryDocument (/usr/share/npm/lib/fetch-package-metadata.js:156:16)
31 verbose stack     at /usr/share/npm/node_modules/iferr/index.js:13:50
31 verbose stack     at /usr/share/npm/lib/utils/pulse-till-done.js:19:8
31 verbose stack     at saved (/usr/share/npm/lib/cache/caching-client.js:168:7)
31 verbose stack     at /usr/share/npm/node_modules/graceful-fs/polyfills.js:210:7
31 verbose stack     at FSReqWrap.oncomplete (fs.js:135:15)
32 verbose cwd /home/mohamed/Desktop/Portfolio/full-stack/vuejs.spring-boot.mysql
33 error Linux 4.15.0-47-generic
34 error argv "/usr/bin/node" "/usr/bin/npm" "install" "-g" "vue-cli@3.0.1"
35 error node v8.10.0
36 error npm  v3.5.2
37 error No compatible version found: vue-cli@3.0.1
37 error Valid install targets:
37 error 2.9.6, 2.9.5, 2.9.4, 2.9.3, 2.9.2, 2.9.1, 2.9.0, 2.8.2, 2.8.1, 2.8.0, 2.7.0, 2.6.0, 2.5.1, 2.5.0, 2.4.0, 2.3.1, 2.2.0, 2.1.1, 2.1.0, 2.0.4, 2.0.3, 2.0.2, 2.0.1, 2.0.0, 1.4.0, 1.3.0, 1.2.0, 1.1.3, 1.1.2, 1.1.1, 1.1.0, 1.0.3, 1.0.2, 1.0.1, 1.0.0
38 error If you need help, you may report this error at:
38 error     <https://github.com/npm/npm/issues>
39 verbose exit [ 1, true ]
